GET /v1/order
GET /v1/beer-pic/
GET /v1/search/:filter/:query
GET /v1/admin/users/
GET /v1/user/:id
DELETE /v1/user/:id
POST /v1/user/
GET /v1/love/:beer_id
POST /v1/love/:beer_id
POST /v1/user/token
POST /v1/user/login
PUT /v1/user/:id
PUT /v1/admin/promote/:id
POST /v1/user/:id/validate-otp
GET /v1/status/:brand
GET /v1/redirect/
POST /v1/init
GET /v1/test/
POST /v1/admin/new-beer/
POST /v1/admin/upload-pic/
POST /v1/admin/upload-pic/
POST /v1/admin/new-beer-xml/
POST /v1/admin/new-beer-xml/
GET /
GET /register
GET /registerform
GET /login
GET /profile
GET /beer
